<?xml version="1.0" encoding="UTF-8"?>
<!-- Generated by org.testng.reporters.JUnitReportReporter -->
<testsuite hostname="Naufals-MacBook-Air.local" failures="0" tests="2" name="iosdemo.Tests" time="23.766" errors="0" timestamp="22 Feb 2023 09:03:53 GMT" skipped="0">
  <testcase classname="iosdemo.Tests" name="sampleTest" time="0.002"/>
  <testcase classname="iosdemo.Tests" name="testTwo" time="23.764"/>
</testsuite> <!-- iosdemo.Tests -->
