<?xml version="1.0" encoding="UTF-8"?>
<!-- Generated by org.testng.reporters.JUnitReportReporter -->
<testsuite hostname="Naufals-MacBook-Air.local" failures="0" tests="1" name="iosdemo.iosTest" time="0.032" errors="0" timestamp="21 Feb 2023 18:21:15 GMT" skipped="0">
  <testcase classname="iosdemo.iosTest" name="sampleTest" time="0.032"/>
</testsuite> <!-- iosdemo.iosTest -->
