<?xml version="1.0" encoding="UTF-8"?>
<!-- Generated by org.testng.reporters.JUnitReportReporter -->
<testsuite hostname="Naufals-MacBook-Air.local" failures="0" tests="1" name="iosdemo.Tests" time="24.067" errors="0" timestamp="02 Apr 2023 18:31:16 GMT" skipped="0">
  <testcase classname="iosdemo.Tests" name="testTwo" time="24.067"/>
</testsuite> <!-- iosdemo.Tests -->
