<?xml version="1.0" encoding="UTF-8"?>
<!-- Generated by org.testng.reporters.JUnitReportReporter -->
<testsuite hostname="Naufals-MacBook-Air.local" failures="0" tests="1" name="iosdemo.iosTest" time="0.033" errors="0" timestamp="01 Apr 2023 15:32:01 GMT" skipped="0">
  <testcase classname="iosdemo.iosTest" name="sampleTest" time="0.033"/>
</testsuite> <!-- iosdemo.iosTest -->
